[debug] [2021-02-25T14:53:11.436Z] ----------------------------------------------------------------------
[debug] [2021-02-25T14:53:11.438Z] Command:       /usr/local/bin/node /usr/local/bin/firebase serve
[debug] [2021-02-25T14:53:11.438Z] CLI Version:   8.13.1
[debug] [2021-02-25T14:53:11.438Z] Platform:      darwin
[debug] [2021-02-25T14:53:11.438Z] Node Version:  v14.4.0
[debug] [2021-02-25T14:53:11.440Z] Time:          Thu Feb 25 2021 15:53:11 GMT+0100 (Central European Standard Time)
[debug] [2021-02-25T14:53:11.440Z] ----------------------------------------------------------------------
[debug] [2021-02-25T14:53:11.440Z] 
[debug] [2021-02-25T14:53:11.451Z] > command requires scopes: ["email","openid","https://www.googleapis.com/auth/cloudplatformprojects.readonly","https://www.googleapis.com/auth/firebase","https://www.googleapis.com/auth/cloud-platform"]
[debug] [2021-02-25T14:53:11.452Z] > authorizing via signed-in user
[debug] [2021-02-25T14:53:11.452Z] [iam] checking project socialmediaapp-8a9d8 for permissions ["firebase.projects.get"]
[debug] [2021-02-25T14:53:11.454Z] > refreshing access token with scopes: ["email","https://www.googleapis.com/auth/cloud-platform","https://www.googleapis.com/auth/cloudplatformprojects.readonly","https://www.googleapis.com/auth/firebase","openid"]
[debug] [2021-02-25T14:53:11.454Z] >>> HTTP REQUEST POST https://www.googleapis.com/oauth2/v3/token  
 <request body omitted>
[debug] [2021-02-25T14:53:11.627Z] <<< HTTP RESPONSE 200 {"date":"Thu, 25 Feb 2021 14:53:11 GMT","pragma":"no-cache","cache-control":"no-cache, no-store, max-age=0, must-revalidate","expires":"Mon, 01 Jan 1990 00:00:00 GMT","content-type":"application/json; charset=utf-8","vary":"X-Origin, Referer, Origin,Accept-Encoding","server":"scaffolding on HTTPServer2","x-xss-protection":"0","x-frame-options":"SAMEORIGIN","x-content-type-options":"nosniff","alt-svc":"h3-29=\":443\"; ma=2592000,h3-T051=\":443\"; ma=2592000,h3-Q050=\":443\"; ma=2592000,h3-Q046=\":443\"; ma=2592000,h3-Q043=\":443\"; ma=2592000,quic=\":443\"; ma=2592000; v=\"46,43\"","accept-ranges":"none","transfer-encoding":"chunked"}
[debug] [2021-02-25T14:53:11.648Z] >>> HTTP REQUEST POST https://cloudresourcemanager.googleapis.com/v1/projects/socialmediaapp-8a9d8:testIamPermissions  
 {"permissions":["firebase.projects.get"]}
[debug] [2021-02-25T14:53:11.893Z] <<< HTTP RESPONSE 200 {"content-type":"application/json; charset=UTF-8","vary":"X-Origin, Referer, Origin,Accept-Encoding","date":"Thu, 25 Feb 2021 14:53:11 GMT","server":"ESF","cache-control":"private","x-xss-protection":"0","x-frame-options":"SAMEORIGIN","x-content-type-options":"nosniff","server-timing":"gfet4t7; dur=139","alt-svc":"h3-29=\":443\"; ma=2592000,h3-T051=\":443\"; ma=2592000,h3-Q050=\":443\"; ma=2592000,h3-Q046=\":443\"; ma=2592000,h3-Q043=\":443\"; ma=2592000,quic=\":443\"; ma=2592000; v=\"46,43\"","accept-ranges":"none","transfer-encoding":"chunked"}
[debug] [2021-02-25T14:53:11.894Z] >>> HTTP REQUEST GET https://firebase.googleapis.com/v1beta1/projects/socialmediaapp-8a9d8  
 
[debug] [2021-02-25T14:53:12.145Z] <<< HTTP RESPONSE 200 {"content-type":"application/json; charset=UTF-8","vary":"X-Origin, Referer, Origin,Accept-Encoding","date":"Thu, 25 Feb 2021 14:53:12 GMT","server":"ESF","cache-control":"private","x-xss-protection":"0","x-frame-options":"SAMEORIGIN","x-content-type-options":"nosniff","alt-svc":"h3-29=\":443\"; ma=2592000,h3-T051=\":443\"; ma=2592000,h3-Q050=\":443\"; ma=2592000,h3-Q046=\":443\"; ma=2592000,h3-Q043=\":443\"; ma=2592000,quic=\":443\"; ma=2592000; v=\"46,43\"","accept-ranges":"none","transfer-encoding":"chunked"}
[info] 
[info] === Serving from '/Users/danielragimov/Documents/github-repositroys/socialmediaapp'...
[info] 
[warn] ⚠  Your requested "node" version "12" doesn't match your global version "14" {"metadata":{"emulator":{"name":"functions"},"message":"Your requested \"node\" version \"12\" doesn't match your global version \"14\""}}
[debug] [2021-02-25T14:53:12.157Z] defaultcredentials: writing to file /Users/danielragimov/.config/firebase/daniell_ragimov_gmail.com_application_default_credentials.json
[debug] [2021-02-25T14:53:12.159Z] Setting GAC to /Users/danielragimov/.config/firebase/daniell_ragimov_gmail.com_application_default_credentials.json {"metadata":{"emulator":{"name":"functions"},"message":"Setting GAC to /Users/danielragimov/.config/firebase/daniell_ragimov_gmail.com_application_default_credentials.json"}}
[info] i  functions: Watching "/Users/danielragimov/Documents/github-repositroys/socialmediaapp/functions" for Cloud Functions... {"metadata":{"emulator":{"name":"functions"},"message":"Watching \"/Users/danielragimov/Documents/github-repositroys/socialmediaapp/functions\" for Cloud Functions..."}}
[debug] [2021-02-25T14:53:12.175Z] [worker-pool] addWorker(~diagnostic~) {"metadata":{"emulator":{"name":"functions"},"message":"[worker-pool] addWorker(~diagnostic~)"}}
[debug] [2021-02-25T14:53:12.175Z] [worker-pool] Adding worker with key ~diagnostic~, total=1 {"metadata":{"emulator":{"name":"functions"},"message":"[worker-pool] Adding worker with key ~diagnostic~, total=1"}}
[debug] [2021-02-25T14:53:12.175Z] [worker-pool] submitWork(triggerId=) {"metadata":{"emulator":{"name":"functions"},"message":"[worker-pool] submitWork(triggerId=)"}}
[debug] [2021-02-25T14:53:12.176Z] [worker-~diagnostic~-69cf71c0-b88c-4820-b686-582c33dfd30a]: Assigning socketPath: /var/folders/13/dz_lg7d52qd7vjhqy37hh1xc0000gn/T/fire_emu_35527.sock {"metadata":{"emulator":{"name":"functions"},"message":"[worker-~diagnostic~-69cf71c0-b88c-4820-b686-582c33dfd30a]: Assigning socketPath: /var/folders/13/dz_lg7d52qd7vjhqy37hh1xc0000gn/T/fire_emu_35527.sock"}}
[debug] [2021-02-25T14:53:12.176Z] [worker-~diagnostic~-69cf71c0-b88c-4820-b686-582c33dfd30a]: BUSY {"metadata":{"emulator":{"name":"functions"},"message":"[worker-~diagnostic~-69cf71c0-b88c-4820-b686-582c33dfd30a]: BUSY"}}
[debug] [2021-02-25T14:53:12.489Z] [runtime-status] [35527] Functions runtime initialized. {"cwd":"/Users/danielragimov/Documents/github-repositroys/socialmediaapp/functions","node_version":"14.4.0"} {"metadata":{"emulator":{"name":"functions"},"message":"[runtime-status] [35527] Functions runtime initialized. {\"cwd\":\"/Users/danielragimov/Documents/github-repositroys/socialmediaapp/functions\",\"node_version\":\"14.4.0\"}"}}
[debug] [2021-02-25T14:53:12.489Z] [runtime-status] [35527] Disabled runtime features: undefined {"metadata":{"emulator":{"name":"functions"},"message":"[runtime-status] [35527] Disabled runtime features: undefined"}}
[debug] [2021-02-25T14:53:12.496Z] [runtime-status] [35527] Resolved module firebase-admin {"declared":true,"installed":true,"version":"9.4.2","resolution":"/Users/danielragimov/Documents/github-repositroys/socialmediaapp/functions/node_modules/firebase-admin/lib/index.js"} {"metadata":{"emulator":{"name":"functions"},"message":"[runtime-status] [35527] Resolved module firebase-admin {\"declared\":true,\"installed\":true,\"version\":\"9.4.2\",\"resolution\":\"/Users/danielragimov/Documents/github-repositroys/socialmediaapp/functions/node_modules/firebase-admin/lib/index.js\"}"}}
[debug] [2021-02-25T14:53:12.497Z] [runtime-status] [35527] Resolved module firebase-functions {"declared":true,"installed":true,"version":"3.13.1","resolution":"/Users/danielragimov/Documents/github-repositroys/socialmediaapp/functions/node_modules/firebase-functions/lib/index.js"} {"metadata":{"emulator":{"name":"functions"},"message":"[runtime-status] [35527] Resolved module firebase-functions {\"declared\":true,\"installed\":true,\"version\":\"3.13.1\",\"resolution\":\"/Users/danielragimov/Documents/github-repositroys/socialmediaapp/functions/node_modules/firebase-functions/lib/index.js\"}"}}
[debug] [2021-02-25T14:53:12.499Z] [runtime-status] [35527] Resolved module firebase-functions {"declared":true,"installed":true,"version":"3.13.1","resolution":"/Users/danielragimov/Documents/github-repositroys/socialmediaapp/functions/node_modules/firebase-functions/lib/index.js"} {"metadata":{"emulator":{"name":"functions"},"message":"[runtime-status] [35527] Resolved module firebase-functions {\"declared\":true,\"installed\":true,\"version\":\"3.13.1\",\"resolution\":\"/Users/danielragimov/Documents/github-repositroys/socialmediaapp/functions/node_modules/firebase-functions/lib/index.js\"}"}}
[debug] [2021-02-25T14:53:12.501Z] [runtime-status] [35527] Outgoing network have been stubbed. [{"name":"http","status":"mocked"},{"name":"http","status":"mocked"},{"name":"https","status":"mocked"},{"name":"https","status":"mocked"},{"name":"net","status":"mocked"}] {"metadata":{"emulator":{"name":"functions"},"message":"[runtime-status] [35527] Outgoing network have been stubbed. [{\"name\":\"http\",\"status\":\"mocked\"},{\"name\":\"http\",\"status\":\"mocked\"},{\"name\":\"https\",\"status\":\"mocked\"},{\"name\":\"https\",\"status\":\"mocked\"},{\"name\":\"net\",\"status\":\"mocked\"}]"}}
[debug] [2021-02-25T14:53:12.501Z] [runtime-status] [35527] Resolved module firebase-functions {"declared":true,"installed":true,"version":"3.13.1","resolution":"/Users/danielragimov/Documents/github-repositroys/socialmediaapp/functions/node_modules/firebase-functions/lib/index.js"} {"metadata":{"emulator":{"name":"functions"},"message":"[runtime-status] [35527] Resolved module firebase-functions {\"declared\":true,\"installed\":true,\"version\":\"3.13.1\",\"resolution\":\"/Users/danielragimov/Documents/github-repositroys/socialmediaapp/functions/node_modules/firebase-functions/lib/index.js\"}"}}
[debug] [2021-02-25T14:53:12.567Z] [runtime-status] [35527] Checked functions.config() {"config":{}} {"metadata":{"emulator":{"name":"functions"},"message":"[runtime-status] [35527] Checked functions.config() {\"config\":{}}"}}
[debug] [2021-02-25T14:53:12.567Z] [runtime-status] [35527] firebase-functions has been stubbed. {"functionsResolution":{"declared":true,"installed":true,"version":"3.13.1","resolution":"/Users/danielragimov/Documents/github-repositroys/socialmediaapp/functions/node_modules/firebase-functions/lib/index.js"}} {"metadata":{"emulator":{"name":"functions"},"message":"[runtime-status] [35527] firebase-functions has been stubbed. {\"functionsResolution\":{\"declared\":true,\"installed\":true,\"version\":\"3.13.1\",\"resolution\":\"/Users/danielragimov/Documents/github-repositroys/socialmediaapp/functions/node_modules/firebase-functions/lib/index.js\"}}"}}
[debug] [2021-02-25T14:53:12.568Z] [runtime-status] [35527] Resolved module firebase-functions {"declared":true,"installed":true,"version":"3.13.1","resolution":"/Users/danielragimov/Documents/github-repositroys/socialmediaapp/functions/node_modules/firebase-functions/lib/index.js"} {"metadata":{"emulator":{"name":"functions"},"message":"[runtime-status] [35527] Resolved module firebase-functions {\"declared\":true,\"installed\":true,\"version\":\"3.13.1\",\"resolution\":\"/Users/danielragimov/Documents/github-repositroys/socialmediaapp/functions/node_modules/firebase-functions/lib/index.js\"}"}}
[debug] [2021-02-25T14:53:12.569Z] [runtime-status] [35527] Resolved module firebase-admin {"declared":true,"installed":true,"version":"9.4.2","resolution":"/Users/danielragimov/Documents/github-repositroys/socialmediaapp/functions/node_modules/firebase-admin/lib/index.js"} {"metadata":{"emulator":{"name":"functions"},"message":"[runtime-status] [35527] Resolved module firebase-admin {\"declared\":true,\"installed\":true,\"version\":\"9.4.2\",\"resolution\":\"/Users/danielragimov/Documents/github-repositroys/socialmediaapp/functions/node_modules/firebase-admin/lib/index.js\"}"}}
[debug] [2021-02-25T14:53:12.569Z] [runtime-status] [35527] Resolved module firebase-functions {"declared":true,"installed":true,"version":"3.13.1","resolution":"/Users/danielragimov/Documents/github-repositroys/socialmediaapp/functions/node_modules/firebase-functions/lib/index.js"} {"metadata":{"emulator":{"name":"functions"},"message":"[runtime-status] [35527] Resolved module firebase-functions {\"declared\":true,\"installed\":true,\"version\":\"3.13.1\",\"resolution\":\"/Users/danielragimov/Documents/github-repositroys/socialmediaapp/functions/node_modules/firebase-functions/lib/index.js\"}"}}
[debug] [2021-02-25T14:53:12.569Z] [runtime-status] [35527] firebase-admin has been stubbed. {"adminResolution":{"declared":true,"installed":true,"version":"9.4.2","resolution":"/Users/danielragimov/Documents/github-repositroys/socialmediaapp/functions/node_modules/firebase-admin/lib/index.js"}} {"metadata":{"emulator":{"name":"functions"},"message":"[runtime-status] [35527] firebase-admin has been stubbed. {\"adminResolution\":{\"declared\":true,\"installed\":true,\"version\":\"9.4.2\",\"resolution\":\"/Users/danielragimov/Documents/github-repositroys/socialmediaapp/functions/node_modules/firebase-admin/lib/index.js\"}}"}}
[debug] [2021-02-25T14:53:12.708Z] [runtime-status] [35527] initializeApp(DEFAULT) {"databaseURL":"https://socialmediaapp-8a9d8.firebaseio.com","storageBucket":"socialmediaapp-8a9d8.appspot.com","projectId":"socialmediaapp-8a9d8"} {"metadata":{"emulator":{"name":"functions"},"message":"[runtime-status] [35527] initializeApp(DEFAULT) {\"databaseURL\":\"https://socialmediaapp-8a9d8.firebaseio.com\",\"storageBucket\":\"socialmediaapp-8a9d8.appspot.com\",\"projectId\":\"socialmediaapp-8a9d8\"}"}}
[warn] ⚠  functions: The Cloud Firestore emulator is not running, so calls to Firestore will affect production. {"metadata":{"emulator":{"name":"functions"},"message":"The Cloud Firestore emulator is not running, so calls to Firestore will affect production."}}
[info] ✔  functions[api]: http function initialized (http://localhost:5000/socialmediaapp-8a9d8/europe-west1/api). {"metadata":{"emulator":{"name":"functions"},"message":"\u001b[1mhttp\u001b[22m function initialized (http://localhost:5000/socialmediaapp-8a9d8/europe-west1/api)."}}
[info] i  functions[createNotificationOnLike]: function ignored because the firestore emulator does not exist or is not running. {"metadata":{"emulator":{"name":"functions"},"message":"function ignored because the firestore emulator does not exist or is not running."}}
[info] i  functions[deleteNotificationOnUnLike]: function ignored because the firestore emulator does not exist or is not running. {"metadata":{"emulator":{"name":"functions"},"message":"function ignored because the firestore emulator does not exist or is not running."}}
[info] i  functions[createNotificationOnComment]: function ignored because the firestore emulator does not exist or is not running. {"metadata":{"emulator":{"name":"functions"},"message":"function ignored because the firestore emulator does not exist or is not running."}}
[info] i  functions[onUserImageChange]: function ignored because the firestore emulator does not exist or is not running. {"metadata":{"emulator":{"name":"functions"},"message":"function ignored because the firestore emulator does not exist or is not running."}}
[info] i  functions[onScreamDelete]: function ignored because the firestore emulator does not exist or is not running. {"metadata":{"emulator":{"name":"functions"},"message":"function ignored because the firestore emulator does not exist or is not running."}}
[debug] [2021-02-25T14:53:13.181Z] [worker-~diagnostic~-69cf71c0-b88c-4820-b686-582c33dfd30a]: IDLE {"metadata":{"emulator":{"name":"functions"},"message":"[worker-~diagnostic~-69cf71c0-b88c-4820-b686-582c33dfd30a]: IDLE"}}
